make: Entering directory '/home/pyjast1123/workspace/builds/g6k/kernel'
make: Nothing to be done for 'all'.
make: Leaving directory '/home/pyjast1123/workspace/builds/g6k/kernel'
warning: g6k/siever.pyx:170:29: Too few arguments for format placeholders
Compiling g6k/siever.pyx because it changed.
Compiling g6k/siever_params.pyx because it changed.
[1/2] Cythonizing g6k/siever.pyx
[2/2] Cythonizing g6k/siever_params.pyx
In file included from g6k/siever.cpp:1221:
g6k/../kernel/siever.h: In constructor ‘UidHashTable::UidHashTable()’:
g6k/../kernel/siever.h:254:18: warning: ‘UidHashTable::n’ will be initialized after [-Wreorder]
  254 |     unsigned int n; // dimension of points in the domain of the hash function.
      |                  ^
g6k/../kernel/siever.h:221:24: warning:   ‘std::vector<long unsigned int> UidHashTable::uid_coeffs’ [-Wreorder]
  221 |   std::vector<UidType> uid_coeffs;        // description of the hash function.
      |                        ^~~~~~~~~~
g6k/../kernel/siever.h:193:12: warning:   when initialized here [-Wreorder]
  193 |   explicit UidHashTable() : db_uid(), n(0), uid_coeffs(), reserve_size(0)
      |            ^~~~~~~~~~~~
g6k/../kernel/siever.h: In constructor ‘Siever::Siever(const SieverParams&, long unsigned int)’:
g6k/../kernel/siever.h:708:18: warning: ‘Siever::n’ will be initialized after [-Wreorder]
  708 |     unsigned int n;                           // current context dimension, n = r - l
      |                  ^
g6k/../kernel/siever.h:705:18: warning:   ‘unsigned int Siever::ll’ [-Wreorder]
  705 |     unsigned int ll;
      |                  ^~
g6k/../kernel/siever.h:522:14: warning:   when initialized here [-Wreorder]
  522 |     explicit Siever(const SieverParams &params, unsigned long int seed = 0) :
      |              ^~~~~~
In file included from g6k/siever_params.cpp:1213:
g6k/../kernel/siever.h: In constructor ‘UidHashTable::UidHashTable()’:
g6k/../kernel/siever.h:254:18: warning: ‘UidHashTable::n’ will be initialized after [-Wreorder]
  254 |     unsigned int n; // dimension of points in the domain of the hash function.
      |                  ^
g6k/../kernel/siever.h:221:24: warning:   ‘std::vector<long unsigned int> UidHashTable::uid_coeffs’ [-Wreorder]
  221 |   std::vector<UidType> uid_coeffs;        // description of the hash function.
      |                        ^~~~~~~~~~
g6k/../kernel/siever.h:193:12: warning:   when initialized here [-Wreorder]
  193 |   explicit UidHashTable() : db_uid(), n(0), uid_coeffs(), reserve_size(0)
      |            ^~~~~~~~~~~~
g6k/../kernel/siever.h: In constructor ‘Siever::Siever(const SieverParams&, long unsigned int)’:
g6k/../kernel/siever.h:708:18: warning: ‘Siever::n’ will be initialized after [-Wreorder]
  708 |     unsigned int n;                           // current context dimension, n = r - l
      |                  ^
g6k/../kernel/siever.h:705:18: warning:   ‘unsigned int Siever::ll’ [-Wreorder]
  705 |     unsigned int ll;
      |                  ^~
g6k/../kernel/siever.h:522:14: warning:   when initialized here [-Wreorder]
  522 |     explicit Siever(const SieverParams &params, unsigned long int seed = 0) :
      |              ^~~~~~
