libtoolize: putting auxiliary files in '.'.
libtoolize: copying file './ltmain.sh'
libtoolize: putting macros in AC_CONFIG_MACRO_DIRS, 'm4'.
libtoolize: copying file 'm4/libtool.m4'
libtoolize: copying file 'm4/ltoptions.m4'
libtoolize: copying file 'm4/ltsugar.m4'
libtoolize: copying file 'm4/ltversion.m4'
libtoolize: copying file 'm4/lt~obsolete.m4'
configure.ac:35: warning: The macro 'AC_PROG_LIBTOOL' is obsolete.
configure.ac:35: You should run autoupdate.
m4/libtool.m4:100: AC_PROG_LIBTOOL is expanded from...
configure.ac:35: the top level
configure.ac:68: warning: The macro 'AC_LANG_CPLUSPLUS' is obsolete.
configure.ac:68: You should run autoupdate.
./lib/autoconf/c.m4:271: AC_LANG_CPLUSPLUS is expanded from...
configure.ac:68: the top level
configure.ac:72: warning: $as_echo is obsolete; use AS_ECHO(["message"]) instead
lib/m4sugar/m4sh.m4:961: _as_echo_var_prepare is expanded from...
lib/m4sugar/m4sh.m4:951: as_echo is expanded from...
lib/m4sugar/m4sh.m4:689: _AS_IF_ELSE is expanded from...
lib/m4sugar/m4sh.m4:696: AS_IF is expanded from...
./lib/autoconf/general.m4:2305: AC_CACHE_VAL is expanded from...
./lib/autoconf/general.m4:2326: AC_CACHE_CHECK is expanded from...
m4/ax_pthread.m4:89: AX_PTHREAD is expanded from...
configure.ac:72: the top level
configure.ac:79: warning: The macro 'AC_HELP_STRING' is obsolete.
configure.ac:79: You should run autoupdate.
./lib/autoconf/general.m4:205: AC_HELP_STRING is expanded from...
configure.ac:79: the top level
configure.ac:99: warning: The macro 'AC_HELP_STRING' is obsolete.
configure.ac:99: You should run autoupdate.
./lib/autoconf/general.m4:205: AC_HELP_STRING is expanded from...
configure.ac:99: the top level
configure.ac:117: warning: The macro 'AC_HELP_STRING' is obsolete.
configure.ac:117: You should run autoupdate.
./lib/autoconf/general.m4:205: AC_HELP_STRING is expanded from...
configure.ac:117: the top level
configure.ac:137: warning: The macro 'AC_HELP_STRING' is obsolete.
configure.ac:137: You should run autoupdate.
./lib/autoconf/general.m4:205: AC_HELP_STRING is expanded from...
configure.ac:137: the top level
configure.ac:175: warning: The macro 'AC_CONFIG_HEADER' is obsolete.
configure.ac:175: You should run autoupdate.
./lib/autoconf/status.m4:719: AC_CONFIG_HEADER is expanded from...
configure.ac:175: the top level
configure.ac:35: installing './compile'
configure.ac:6: installing './config.guess'
configure.ac:6: installing './config.sub'
configure.ac:11: installing './install-sh'
configure.ac:11: installing './missing'
kernel/Makefile.am: installing './depcomp'
checking build system type... x86_64-pc-linux-gnu
checking host system type... x86_64-pc-linux-gnu
checking whether to enable maintainer-specific portions of Makefiles... yes
checking for a BSD-compatible install... /usr/bin/install -c
checking whether sleep supports fractional seconds... yes
checking filesystem timestamp resolution... 0.01
checking whether build environment is sane... yes
checking for a race-free mkdir -p... /usr/bin/mkdir -p
checking for gawk... gawk
checking whether make sets $(MAKE)... yes
checking whether make supports nested variables... yes
checking xargs -n works... yes
checking whether UID '1000' is supported by ustar format... yes
checking whether GID '1000' is supported by ustar format... yes
checking how to create a ustar tar archive... gnutar
checking how to print strings... printf
checking whether make supports the include directive... yes (GNU style)
checking for gcc... gcc
checking whether the C compiler works... yes
checking for C compiler default output file name... a.out
checking for suffix of executables... 
checking whether we are cross compiling... no
checking for suffix of object files... o
checking whether the compiler supports GNU C... yes
checking whether gcc accepts -g... yes
checking for gcc option to enable C23 features... none needed
checking whether gcc understands -c and -o together... yes
checking dependency style of gcc... gcc3
checking for a sed that does not truncate output... /usr/bin/sed
checking for grep that handles long lines and -e... /usr/bin/grep
checking for egrep... /usr/bin/grep -E
checking for fgrep... /usr/bin/grep -F
checking for ld used by gcc... /usr/bin/ld
checking if the linker (/usr/bin/ld) is GNU ld... yes
checking for BSD- or MS-compatible name lister (nm)... /usr/bin/nm -B
checking the name lister (/usr/bin/nm -B) interface... BSD nm
checking whether ln -s works... yes
checking the maximum length of command line arguments... 1572864
checking how to convert x86_64-pc-linux-gnu file names to x86_64-pc-linux-gnu format... func_convert_file_noop
checking how to convert x86_64-pc-linux-gnu file names to toolchain format... func_convert_file_noop
checking for /usr/bin/ld option to reload object files... -r
checking for file... file
checking for objdump... objdump
checking how to recognize dependent libraries... pass_all
checking for dlltool... no
checking how to associate runtime and link libraries... printf %s\n
checking for ranlib... ranlib
checking for ar... ar
checking for archiver @FILE support... @
checking for strip... strip
checking command to parse /usr/bin/nm -B output from gcc object... ok
checking for sysroot... no
checking for a working dd... /usr/bin/dd
checking how to truncate binary pipes... /usr/bin/dd bs=4096 count=1
checking for mt... no
checking if : is a manifest tool... no
checking for stdio.h... yes
checking for stdlib.h... yes
checking for string.h... yes
checking for inttypes.h... yes
checking for stdint.h... yes
checking for strings.h... yes
checking for sys/stat.h... yes
checking for sys/types.h... yes
checking for unistd.h... yes
checking for dlfcn.h... yes
checking which variant of shared library versioning to provide... (default) aix
checking for objdir... .libs
checking if gcc supports -fno-rtti -fno-exceptions... no
checking for gcc option to produce PIC... -fPIC -DPIC
checking if gcc PIC flag -fPIC -DPIC works... yes
checking if gcc static flag -static works... yes
checking if gcc supports -c -o file.o... yes
checking if gcc supports -c -o file.o... (cached) yes
checking whether the gcc linker (/usr/bin/ld -m elf_x86_64) supports shared libraries... yes
checking whether -lc should be explicitly linked in... no
checking dynamic linker characteristics... GNU/Linux ld.so
checking how to hardcode library paths into programs... immediate
checking whether stripping libraries is possible... yes
checking if libtool supports shared libraries... yes
checking whether to build shared libraries... yes
checking whether to build static libraries... yes
checking for g++... g++
checking whether the compiler supports GNU C++... yes
checking whether g++ accepts -g... yes
checking dependency style of g++... gcc3
checking how to run the C++ preprocessor... g++ -E
checking for ld used by g++... /usr/bin/ld -m elf_x86_64
checking if the linker (/usr/bin/ld -m elf_x86_64) is GNU ld... yes
checking whether the g++ linker (/usr/bin/ld -m elf_x86_64) supports shared libraries... yes
checking for g++ option to produce PIC... -fPIC -DPIC
checking if g++ PIC flag -fPIC -DPIC works... yes
checking if g++ static flag -static works... yes
checking if g++ supports -c -o file.o... yes
checking if g++ supports -c -o file.o... (cached) yes
checking whether the g++ linker (/usr/bin/ld -m elf_x86_64) supports shared libraries... yes
checking dynamic linker characteristics... (cached) GNU/Linux ld.so
checking how to hardcode library paths into programs... immediate
checking whether g++ supports C++11 features with -std=c++11... yes
checking how to run the C preprocessor... gcc -E
checking for egrep -e... (cached) /usr/bin/grep -E
checking whether gcc is Clang... no
checking whether pthreads work with "-pthread" and "-lpthread"... yes
checking for joinable pthread attribute... PTHREAD_CREATE_JOINABLE
checking whether more special flags are required for pthreads... no
checking for PTHREAD_PRIO_INHERIT... yes
checking whether C++ compiler accepts -march=native... yes
checking for x86 cpuid  output... unknown
checking for x86-AVX xgetbv  output... unknown
checking for x86 cpuid 0x00000000 output... 23:756e6547:6c65746e:49656e69
checking for x86 cpuid 0x80000000 output... 80000008:0:0:0
checking for x86 cpuid 0x00000001 output... c0662:4a800800:7ffafbff:bfebfbff
checking for x86 cpuid 0x00000007 output... 2:239ca7eb:994007bc:fc18c430
checking for x86 cpuid 0x80000001 output... 0:0:121:2c100800
checking for x86-AVX xgetbv 0x00000000 output... 207:0
checking whether RDRND is supported by the processor... yes
checking whether RDRND is supported by the processor and OS... yes
checking whether C++ compiler accepts -mrdrnd... yes
checking whether BMI1 is supported by the processor... yes
checking whether BMI1 is supported by the processor and OS... yes
checking whether C++ compiler accepts -mbmi... yes
checking whether BMI2 is supported by the processor... yes
checking whether BMI2 is supported by the processor and OS... yes
checking whether C++ compiler accepts -mbmi2... yes
checking whether ADX is supported by the processor... yes
checking whether ADX is supported by the processor and OS... yes
checking whether C++ compiler accepts -madx... yes
checking whether MPX is supported by the processor... no
checking whether PREFETCHWT1 is supported by the processor... no
checking whether ABM is supported by the processor... yes
checking whether ABM is supported by the processor and OS... yes
checking whether C++ compiler accepts -mabm... yes
checking whether MMX is supported by the processor... yes
checking whether MMX is supported by the processor and OS... yes
checking whether C++ compiler accepts -mmmx... yes
checking whether SSE is supported by the processor... yes
checking whether SSE is supported by the processor and OS... yes
checking whether C++ compiler accepts -msse... yes
checking whether SSE2 is supported by the processor... yes
checking whether SSE2 is supported by the processor and OS... yes
checking whether C++ compiler accepts -msse2... yes
checking whether SSE3 is supported by the processor... yes
checking whether SSE3 is supported by the processor and OS... yes
checking whether C++ compiler accepts -msse3... yes
checking whether SSSE3 is supported by the processor... yes
checking whether SSSE3 is supported by the processor and OS... yes
checking whether C++ compiler accepts -mssse3... yes
checking whether SSE4.1 is supported by the processor... yes
checking whether SSE4.1 is supported by the processor and OS... yes
checking whether C++ compiler accepts -msse4.1... yes
checking whether SSE4.2 is supported by the processor... yes
checking whether SSE4.2 is supported by the processor and OS... yes
checking whether C++ compiler accepts -msse4.2... yes
checking whether SSE4a is supported by the processor... no
checking whether SHA is supported by the processor... yes
checking whether SHA is supported by the processor and OS... yes
checking whether C++ compiler accepts -msha... yes
checking whether AES is supported by the processor... yes
checking whether AES is supported by the processor and OS... yes
checking whether C++ compiler accepts -maes... yes
checking whether AVX is supported by the processor... yes
checking whether AVX is supported by the processor and OS... yes
checking whether C++ compiler accepts -mavx... yes
checking whether FMA3 is supported by the processor... yes
checking whether FMA3 is supported by the processor and OS... yes
checking whether C++ compiler accepts -mfma... yes
checking whether FMA4 is supported by the processor... no
checking whether XOP is supported by the processor... no
checking whether AVX2 is supported by the processor... yes
checking whether AVX2 is supported by the processor and OS... yes
checking whether C++ compiler accepts -mavx2... yes
checking whether AVX512-F is supported by the processor... no
checking whether AVX512-CD is supported by the processor... no
checking whether AVX512-PF is supported by the processor... no
checking whether AVX512-ER is supported by the processor... no
checking whether AVX512-VL is supported by the processor... no
checking whether AVX512-BW is supported by the processor... no
checking whether AVX512-DQ is supported by the processor... no
checking whether AVX512-IFMA is supported by the processor... no
checking whether AVX512-VBMI is supported by the processor... no
checking that generated files are newer than configure... done
configure: creating ./config.status
config.status: creating Makefile
config.status: creating kernel/Makefile
config.status: creating g6k.pc
config.status: creating kernel/g6k_config.h
config.status: executing depfiles commands
config.status: executing libtool commands
warning: g6k/siever.pyx:188:29: Too few arguments for format placeholders
Compiling g6k/siever.pyx because it changed.
Compiling g6k/siever_params.pyx because it changed.
[1/2] Cythonizing g6k/siever.pyx
[2/2] Cythonizing g6k/siever_params.pyx
running build_ext
Making all in kernel
make[1]: Entering directory '/home/pyjast1123/workspace/builds/g6k/kernel'
make  all-am
make[2]: Entering directory '/home/pyjast1123/workspace/builds/g6k/kernel'
  CXX      sieving.lo
  CXX      control.lo
  CXX      bgj1_sieve.lo
  CXX      bdgl_sieve.lo
  CXX      hk3_sieve.lo
  CXX      fht_lsh.lo
  CXX      params.lo
  CXX      cpuperf.lo
bdgl_sieve.cpp: In member function 'void Siever::bdgl_queue(std::vector<std::vector<QEntry> >&, std::vector<std::vector<Entry> >&)':
bdgl_sieve.cpp:371:12: warning: variable 'inserted' set but not used [-Wunused-but-set-variable=]
  371 |     size_t inserted = 0;
      |            ^~~~~~~~
In member function 'void Siever::bdgl_lift(std::size_t, std::size_t, LFT, int8_t)',
    inlined from 'void Siever::bdgl_process_buckets_task(std::size_t, const std::vector<unsigned int>&, const std::vector<atomic_size_t_wrapper>&, std::vector<QEntry>&)' at bdgl_sieve.cpp:259:34:
bdgl_sieve.cpp:118:25: warning: 'otf_helper' may be used uninitialized [-Wmaybe-uninitialized]
  118 |             otf_helper[i] += db[i2].otf_helper[i];
      |             ~~~~~~~~~~~~^
bdgl_sieve.cpp: In member function 'void Siever::bdgl_process_buckets_task(std::size_t, const std::vector<unsigned int>&, const std::vector<atomic_size_t_wrapper>&, std::vector<QEntry>&)':
bdgl_sieve.cpp:105:9: note: 'otf_helper' declared here
  105 |     LFT otf_helper[OTF_LIFT_HELPER_DIM];
      |         ^~~~~~~~~~
  CXXLD    libg6k.la
make[2]: Leaving directory '/home/pyjast1123/workspace/builds/g6k/kernel'
make[1]: Leaving directory '/home/pyjast1123/workspace/builds/g6k/kernel'
make[1]: Entering directory '/home/pyjast1123/workspace/builds/g6k'
make[1]: Nothing to be done for 'all-am'.
make[1]: Leaving directory '/home/pyjast1123/workspace/builds/g6k'
building 'g6k.siever' extension
creating build/temp.linux-x86_64-cpython-313/g6k
building 'g6k.siever_params' extension
c++ -pthread -fno-strict-overflow -Wsign-compare -Wunreachable-code -DNDEBUG -g -O3 -Wall -O3 -fPIC -fPIC -Ig6k -I/home/pyjast1123/DRL/python_venv/lib/python3.13/site-packages/cysignals -I/home/pyjast1123/DRL/python_venv/lib/python3.13/site-packages/numpy/_core/include -I/home/pyjast1123/DRL/python_venv/include -I/home/pyjast1123/.local/share/uv/python/cpython-3.13.12-linux-x86_64-gnu/include/python3.13 -c g6k/siever.cpp -o build/temp.linux-x86_64-cpython-313/g6k/siever.o -std=c++11 -pthread -Ofast -ftree-vectorize -funroll-loops -Wall -Wextra -mmmx -msse -msse2 -msse3 -mssse3 -msse4.1 -msse4.2 -msha -maes -mavx -mfma -mavx2
c++ -pthread -fno-strict-overflow -Wsign-compare -Wunreachable-code -DNDEBUG -g -O3 -Wall -O3 -fPIC -fPIC -Ig6k -I/home/pyjast1123/DRL/python_venv/lib/python3.13/site-packages/numpy/_core/include -I/home/pyjast1123/DRL/python_venv/include -I/home/pyjast1123/.local/share/uv/python/cpython-3.13.12-linux-x86_64-gnu/include/python3.13 -c g6k/siever_params.cpp -o build/temp.linux-x86_64-cpython-313/g6k/siever_params.o -std=c++11 -pthread -Ofast -ftree-vectorize -funroll-loops -Wall -Wextra -mmmx -msse -msse2 -msse3 -mssse3 -msse4.1 -msse4.2 -msha -maes -mavx -mfma -mavx2
creating build/lib.linux-x86_64-cpython-313/g6k
c++ -pthread -fno-strict-overflow -Wsign-compare -Wunreachable-code -DNDEBUG -g -O3 -Wall -O3 -fPIC -shared -Wl,--exclude-libs,ALL -LModules/_hacl build/temp.linux-x86_64-cpython-313/g6k/siever_params.o -L/home/pyjast1123/.local/share/uv/python/cpython-3.13.12-linux-x86_64-gnu/lib -lgmp -lpthread -o build/lib.linux-x86_64-cpython-313/g6k/siever_params.cpython-313-x86_64-linux-gnu.so kernel/.libs/sieving.o kernel/.libs/control.o kernel/.libs/bgj1_sieve.o kernel/.libs/bdgl_sieve.o kernel/.libs/hk3_sieve.o kernel/.libs/fht_lsh.o kernel/.libs/params.o kernel/.libs/cpuperf.o
g6k/siever.cpp: In function ‘PyObject* __pyx_pf_3g6k_6siever_6Siever_53extend_right(__pyx_obj_3g6k_6siever_Siever*, PyObject*)’:
g6k/siever.cpp:2882:17: warning: variable ‘__pyx_frame_code’ might be clobbered by ‘longjmp’ or ‘vfork’ [-Wclobbered]
 2882 |       PyObject *__pyx_frame_code = NULL;\
      |                 ^~~~~~~~~~~~~~~~
g6k/siever.cpp:41084:3: note: in expansion of macro ‘__Pyx_TraceDeclarationsFunc’
41084 |   __Pyx_TraceDeclarationsFunc
      |   ^~~~~~~~~~~~~~~~~~~~~~~~~~~
g6k/siever.cpp:2884:11: warning: variable ‘__pyx_exception_already_reported’ might be clobbered by ‘longjmp’ or ‘vfork’ [-Wclobbered]
 2884 |       int __pyx_exception_already_reported = 0;\
      |           ^~~~~~~~~~~~~~~~~~~~~~~~~~~~~~~~
g6k/siever.cpp:41084:3: note: in expansion of macro ‘__Pyx_TraceDeclarationsFunc’
41084 |   __Pyx_TraceDeclarationsFunc
      |   ^~~~~~~~~~~~~~~~~~~~~~~~~~~
g6k/siever.cpp:41087:13: warning: variable ‘__pyx_t_2’ might be clobbered by ‘longjmp’ or ‘vfork’ [-Wclobbered]
41087 |   PyObject *__pyx_t_2 = NULL;
      |             ^~~~~~~~~
g6k/siever.cpp:41088:13: warning: variable ‘__pyx_t_3’ might be clobbered by ‘longjmp’ or ‘vfork’ [-Wclobbered]
41088 |   PyObject *__pyx_t_3 = NULL;
      |             ^~~~~~~~~
g6k/siever.cpp:41090:13: warning: variable ‘__pyx_t_5’ might be clobbered by ‘longjmp’ or ‘vfork’ [-Wclobbered]
41090 |   PyObject *__pyx_t_5 = NULL;
      |             ^~~~~~~~~
g6k/siever.cpp:41091:13: warning: variable ‘__pyx_t_6’ might be clobbered by ‘longjmp’ or ‘vfork’ [-Wclobbered]
41091 |   PyObject *__pyx_t_6 = NULL;
      |             ^~~~~~~~~
g6k/siever.cpp:41092:13: warning: variable ‘__pyx_t_7’ might be clobbered by ‘longjmp’ or ‘vfork’ [-Wclobbered]
41092 |   PyObject *__pyx_t_7 = NULL;
      |             ^~~~~~~~~
g6k/siever.cpp: In function ‘PyObject* __pyx_pf_3g6k_6siever_6Siever_51shrink_left(__pyx_obj_3g6k_6siever_Siever*, PyObject*)’:
g6k/siever.cpp:2882:17: warning: variable ‘__pyx_frame_code’ might be clobbered by ‘longjmp’ or ‘vfork’ [-Wclobbered]
 2882 |       PyObject *__pyx_frame_code = NULL;\
      |                 ^~~~~~~~~~~~~~~~
g6k/siever.cpp:40894:3: note: in expansion of macro ‘__Pyx_TraceDeclarationsFunc’
40894 |   __Pyx_TraceDeclarationsFunc
      |   ^~~~~~~~~~~~~~~~~~~~~~~~~~~
g6k/siever.cpp:2884:11: warning: variable ‘__pyx_exception_already_reported’ might be clobbered by ‘longjmp’ or ‘vfork’ [-Wclobbered]
 2884 |       int __pyx_exception_already_reported = 0;\
      |           ^~~~~~~~~~~~~~~~~~~~~~~~~~~~~~~~
g6k/siever.cpp:40894:3: note: in expansion of macro ‘__Pyx_TraceDeclarationsFunc’
40894 |   __Pyx_TraceDeclarationsFunc
      |   ^~~~~~~~~~~~~~~~~~~~~~~~~~~
g6k/siever.cpp: In function ‘PyObject* __pyx_pf_3g6k_6siever_6Siever_49extend_left(__pyx_obj_3g6k_6siever_Siever*, PyObject*)’:
g6k/siever.cpp:2882:17: warning: variable ‘__pyx_frame_code’ might be clobbered by ‘longjmp’ or ‘vfork’ [-Wclobbered]
 2882 |       PyObject *__pyx_frame_code = NULL;\
      |                 ^~~~~~~~~~~~~~~~
g6k/siever.cpp:40704:3: note: in expansion of macro ‘__Pyx_TraceDeclarationsFunc’
40704 |   __Pyx_TraceDeclarationsFunc
      |   ^~~~~~~~~~~~~~~~~~~~~~~~~~~
g6k/siever.cpp:2884:11: warning: variable ‘__pyx_exception_already_reported’ might be clobbered by ‘longjmp’ or ‘vfork’ [-Wclobbered]
 2884 |       int __pyx_exception_already_reported = 0;\
      |           ^~~~~~~~~~~~~~~~~~~~~~~~~~~~~~~~
g6k/siever.cpp:40704:3: note: in expansion of macro ‘__Pyx_TraceDeclarationsFunc’
40704 |   __Pyx_TraceDeclarationsFunc
      |   ^~~~~~~~~~~~~~~~~~~~~~~~~~~
g6k/siever.cpp: In function ‘PyObject* __pyx_pf_3g6k_6siever_6Siever_6update_gso(__pyx_obj_3g6k_6siever_Siever*, int, int)’:
g6k/siever.cpp:22230:18: warning: variable ‘__pyx_v__mu’ might be clobbered by ‘longjmp’ or ‘vfork’ [-Wclobbered]
22230 |   PyArrayObject *__pyx_v__mu = 0;
      |                  ^~~~~~~~~~~
g6k/siever.cpp:22232:18: warning: variable ‘__pyx_v__rr’ might be clobbered by ‘longjmp’ or ‘vfork’ [-Wclobbered]
22232 |   PyArrayObject *__pyx_v__rr = 0;
      |                  ^~~~~~~~~~~
g6k/siever.cpp:22233:18: warning: variable ‘__pyx_v__muinv’ might be clobbered by ‘longjmp’ or ‘vfork’ [-Wclobbered]
22233 |   PyArrayObject *__pyx_v__muinv = 0;
      |                  ^~~~~~~~~~~~~~
g6k/siever.cpp:2882:17: warning: variable ‘__pyx_frame_code’ might be clobbered by ‘longjmp’ or ‘vfork’ [-Wclobbered]
 2882 |       PyObject *__pyx_frame_code = NULL;\
      |                 ^~~~~~~~~~~~~~~~
g6k/siever.cpp:22236:3: note: in expansion of macro ‘__Pyx_TraceDeclarationsFunc’
22236 |   __Pyx_TraceDeclarationsFunc
      |   ^~~~~~~~~~~~~~~~~~~~~~~~~~~
g6k/siever.cpp:2884:11: warning: variable ‘__pyx_exception_already_reported’ might be clobbered by ‘longjmp’ or ‘vfork’ [-Wclobbered]
 2884 |       int __pyx_exception_already_reported = 0;\
      |           ^~~~~~~~~~~~~~~~~~~~~~~~~~~~~~~~
g6k/siever.cpp:22236:3: note: in expansion of macro ‘__Pyx_TraceDeclarationsFunc’
22236 |   __Pyx_TraceDeclarationsFunc
      |   ^~~~~~~~~~~~~~~~~~~~~~~~~~~
g6k/siever.cpp:22241:13: warning: variable ‘__pyx_t_4’ might be clobbered by ‘longjmp’ or ‘vfork’ [-Wclobbered]
22241 |   PyObject *__pyx_t_4 = NULL;
      |             ^~~~~~~~~
g6k/siever.cpp:22242:13: warning: variable ‘__pyx_t_5’ might be clobbered by ‘longjmp’ or ‘vfork’ [-Wclobbered]
22242 |   PyObject *__pyx_t_5 = NULL;
      |             ^~~~~~~~~
g6k/siever.cpp:22243:13: warning: variable ‘__pyx_t_6’ might be clobbered by ‘longjmp’ or ‘vfork’ [-Wclobbered]
22243 |   PyObject *__pyx_t_6 = NULL;
      |             ^~~~~~~~~
g6k/siever.cpp:22244:13: warning: variable ‘__pyx_t_7’ might be clobbered by ‘longjmp’ or ‘vfork’ [-Wclobbered]
22244 |   PyObject *__pyx_t_7 = NULL;
      |             ^~~~~~~~~
g6k/siever.cpp: In function ‘PyObject* __pyx_pf_3g6k_6siever_6Siever_37bgj1_sieve(__pyx_obj_3g6k_6siever_Siever*, PyObject*)’:
g6k/siever.cpp:36129:13: warning: variable ‘__pyx_v_N’ might be clobbered by ‘longjmp’ or ‘vfork’ [-Wclobbered]
36129 |   PyObject *__pyx_v_N = NULL;
      |             ^~~~~~~~~
g6k/siever.cpp:36130:13: warning: variable ‘__pyx_v_B’ might be clobbered by ‘longjmp’ or ‘vfork’ [-Wclobbered]
36130 |   PyObject *__pyx_v_B = NULL;
      |             ^~~~~~~~~
g6k/siever.cpp:36131:13: warning: variable ‘__pyx_v_y’ might be clobbered by ‘longjmp’ or ‘vfork’ [-Wclobbered]
36131 |   PyObject *__pyx_v_y = NULL;
      |             ^~~~~~~~~
g6k/siever.cpp:36132:13: warning: variable ‘__pyx_v_x’ might be clobbered by ‘longjmp’ or ‘vfork’ [-Wclobbered]
36132 |   PyObject *__pyx_v_x = NULL;
      |             ^~~~~~~~~
g6k/siever.cpp:36133:13: warning: variable ‘__pyx_v_alpha’ might be clobbered by ‘longjmp’ or ‘vfork’ [-Wclobbered]
36133 |   PyObject *__pyx_v_alpha = NULL;
      |             ^~~~~~~~~~~~~
g6k/siever.cpp:36134:13: warning: variable ‘__pyx_r’ might be clobbered by ‘longjmp’ or ‘vfork’ [-Wclobbered]
36134 |   PyObject *__pyx_r = NULL;
      |             ^~~~~~~
g6k/siever.cpp:2882:17: warning: variable ‘__pyx_frame_code’ might be clobbered by ‘longjmp’ or ‘vfork’ [-Wclobbered]
 2882 |       PyObject *__pyx_frame_code = NULL;\
      |                 ^~~~~~~~~~~~~~~~
g6k/siever.cpp:36135:3: note: in expansion of macro ‘__Pyx_TraceDeclarationsFunc’
36135 |   __Pyx_TraceDeclarationsFunc
      |   ^~~~~~~~~~~~~~~~~~~~~~~~~~~
g6k/siever.cpp:2884:11: warning: variable ‘__pyx_exception_already_reported’ might be clobbered by ‘longjmp’ or ‘vfork’ [-Wclobbered]
 2884 |       int __pyx_exception_already_reported = 0;\
      |           ^~~~~~~~~~~~~~~~~~~~~~~~~~~~~~~~
g6k/siever.cpp:36135:3: note: in expansion of macro ‘__Pyx_TraceDeclarationsFunc’
36135 |   __Pyx_TraceDeclarationsFunc
      |   ^~~~~~~~~~~~~~~~~~~~~~~~~~~
g6k/siever.cpp:36138:13: warning: variable ‘__pyx_t_2’ might be clobbered by ‘longjmp’ or ‘vfork’ [-Wclobbered]
36138 |   PyObject *__pyx_t_2 = NULL;
      |             ^~~~~~~~~
g6k/siever.cpp:36139:13: warning: variable ‘__pyx_t_3’ might be clobbered by ‘longjmp’ or ‘vfork’ [-Wclobbered]
36139 |   PyObject *__pyx_t_3 = NULL;
      |             ^~~~~~~~~
g6k/siever.cpp:36140:13: warning: variable ‘__pyx_t_4’ might be clobbered by ‘longjmp’ or ‘vfork’ [-Wclobbered]
36140 |   PyObject *__pyx_t_4 = NULL;
      |             ^~~~~~~~~
g6k/siever.cpp:36141:13: warning: variable ‘__pyx_t_5’ might be clobbered by ‘longjmp’ or ‘vfork’ [-Wclobbered]
36141 |   PyObject *__pyx_t_5 = NULL;
      |             ^~~~~~~~~
g6k/siever.cpp:36143:13: warning: variable ‘__pyx_t_7’ might be clobbered by ‘longjmp’ or ‘vfork’ [-Wclobbered]
36143 |   PyObject *__pyx_t_7 = NULL;
      |             ^~~~~~~~~
g6k/siever.cpp: In function ‘PyObject* __pyx_pf_3g6k_6siever_6Siever_41nv_sieve(__pyx_obj_3g6k_6siever_Siever*, PyObject*)’:
g6k/siever.cpp:37432:13: warning: variable ‘__pyx_v_N’ might be clobbered by ‘longjmp’ or ‘vfork’ [-Wclobbered]
37432 |   PyObject *__pyx_v_N = NULL;
      |             ^~~~~~~~~
g6k/siever.cpp:2882:17: warning: variable ‘__pyx_frame_code’ might be clobbered by ‘longjmp’ or ‘vfork’ [-Wclobbered]
 2882 |       PyObject *__pyx_frame_code = NULL;\
      |                 ^~~~~~~~~~~~~~~~
g6k/siever.cpp:37434:3: note: in expansion of macro ‘__Pyx_TraceDeclarationsFunc’
37434 |   __Pyx_TraceDeclarationsFunc
      |   ^~~~~~~~~~~~~~~~~~~~~~~~~~~
g6k/siever.cpp:2884:11: warning: variable ‘__pyx_exception_already_reported’ might be clobbered by ‘longjmp’ or ‘vfork’ [-Wclobbered]
 2884 |       int __pyx_exception_already_reported = 0;\
      |           ^~~~~~~~~~~~~~~~~~~~~~~~~~~~~~~~
g6k/siever.cpp:37434:3: note: in expansion of macro ‘__Pyx_TraceDeclarationsFunc’
37434 |   __Pyx_TraceDeclarationsFunc
      |   ^~~~~~~~~~~~~~~~~~~~~~~~~~~
g6k/siever.cpp:37437:13: warning: variable ‘__pyx_t_2’ might be clobbered by ‘longjmp’ or ‘vfork’ [-Wclobbered]
37437 |   PyObject *__pyx_t_2 = NULL;
      |             ^~~~~~~~~
g6k/siever.cpp:37438:13: warning: variable ‘__pyx_t_3’ might be clobbered by ‘longjmp’ or ‘vfork’ [-Wclobbered]
37438 |   PyObject *__pyx_t_3 = NULL;
      |             ^~~~~~~~~
g6k/siever.cpp:37439:13: warning: variable ‘__pyx_t_4’ might be clobbered by ‘longjmp’ or ‘vfork’ [-Wclobbered]
37439 |   PyObject *__pyx_t_4 = NULL;
      |             ^~~~~~~~~
g6k/siever.cpp:37440:13: warning: variable ‘__pyx_t_5’ might be clobbered by ‘longjmp’ or ‘vfork’ [-Wclobbered]
37440 |   PyObject *__pyx_t_5 = NULL;
      |             ^~~~~~~~~
g6k/siever.cpp: In function ‘PyObject* __pyx_pf_3g6k_6siever_6Siever_43hk3_sieve(__pyx_obj_3g6k_6siever_Siever*, std::size_t, PyObject*)’:
g6k/siever.cpp:37817:13: warning: variable ‘__pyx_v_B’ might be clobbered by ‘longjmp’ or ‘vfork’ [-Wclobbered]
37817 |   PyObject *__pyx_v_B = NULL;
      |             ^~~~~~~~~
g6k/siever.cpp:37818:13: warning: variable ‘__pyx_v_y’ might be clobbered by ‘longjmp’ or ‘vfork’ [-Wclobbered]
37818 |   PyObject *__pyx_v_y = NULL;
      |             ^~~~~~~~~
g6k/siever.cpp:37819:13: warning: variable ‘__pyx_v_x’ might be clobbered by ‘longjmp’ or ‘vfork’ [-Wclobbered]
37819 |   PyObject *__pyx_v_x = NULL;
      |             ^~~~~~~~~
g6k/siever.cpp:37820:13: warning: variable ‘__pyx_v_alpha’ might be clobbered by ‘longjmp’ or ‘vfork’ [-Wclobbered]
37820 |   PyObject *__pyx_v_alpha = NULL;
      |             ^~~~~~~~~~~~~
g6k/siever.cpp:37821:13: warning: variable ‘__pyx_r’ might be clobbered by ‘longjmp’ or ‘vfork’ [-Wclobbered]
37821 |   PyObject *__pyx_r = NULL;
      |             ^~~~~~~
g6k/siever.cpp:2882:17: warning: variable ‘__pyx_frame_code’ might be clobbered by ‘longjmp’ or ‘vfork’ [-Wclobbered]
 2882 |       PyObject *__pyx_frame_code = NULL;\
      |                 ^~~~~~~~~~~~~~~~
g6k/siever.cpp:37822:3: note: in expansion of macro ‘__Pyx_TraceDeclarationsFunc’
37822 |   __Pyx_TraceDeclarationsFunc
      |   ^~~~~~~~~~~~~~~~~~~~~~~~~~~
g6k/siever.cpp:2884:11: warning: variable ‘__pyx_exception_already_reported’ might be clobbered by ‘longjmp’ or ‘vfork’ [-Wclobbered]
 2884 |       int __pyx_exception_already_reported = 0;\
      |           ^~~~~~~~~~~~~~~~~~~~~~~~~~~~~~~~
g6k/siever.cpp:37822:3: note: in expansion of macro ‘__Pyx_TraceDeclarationsFunc’
37822 |   __Pyx_TraceDeclarationsFunc
      |   ^~~~~~~~~~~~~~~~~~~~~~~~~~~
g6k/siever.cpp:37825:13: warning: variable ‘__pyx_t_2’ might be clobbered by ‘longjmp’ or ‘vfork’ [-Wclobbered]
37825 |   PyObject *__pyx_t_2 = NULL;
      |             ^~~~~~~~~
g6k/siever.cpp:37826:13: warning: variable ‘__pyx_t_3’ might be clobbered by ‘longjmp’ or ‘vfork’ [-Wclobbered]
37826 |   PyObject *__pyx_t_3 = NULL;
      |             ^~~~~~~~~
g6k/siever.cpp:37827:13: warning: variable ‘__pyx_t_4’ might be clobbered by ‘longjmp’ or ‘vfork’ [-Wclobbered]
37827 |   PyObject *__pyx_t_4 = NULL;
      |             ^~~~~~~~~
g6k/siever.cpp:37828:13: warning: variable ‘__pyx_t_5’ might be clobbered by ‘longjmp’ or ‘vfork’ [-Wclobbered]
37828 |   PyObject *__pyx_t_5 = NULL;
      |             ^~~~~~~~~
g6k/siever.cpp:37830:13: warning: variable ‘__pyx_t_7’ might be clobbered by ‘longjmp’ or ‘vfork’ [-Wclobbered]
37830 |   PyObject *__pyx_t_7 = NULL;
      |             ^~~~~~~~~
g6k/siever.cpp: In function ‘PyObject* __pyx_pf_3g6k_6siever_6Siever_8initialize_local(__pyx_obj_3g6k_6siever_Siever*, PyObject*, PyObject*, PyObject*, PyObject*)’:
g6k/siever.cpp:2882:17: warning: variable ‘__pyx_frame_code’ might be clobbered by ‘longjmp’ or ‘vfork’ [-Wclobbered]
 2882 |       PyObject *__pyx_frame_code = NULL;\
      |                 ^~~~~~~~~~~~~~~~
g6k/siever.cpp:23394:3: note: in expansion of macro ‘__Pyx_TraceDeclarationsFunc’
23394 |   __Pyx_TraceDeclarationsFunc
      |   ^~~~~~~~~~~~~~~~~~~~~~~~~~~
g6k/siever.cpp:2884:11: warning: variable ‘__pyx_exception_already_reported’ might be clobbered by ‘longjmp’ or ‘vfork’ [-Wclobbered]
 2884 |       int __pyx_exception_already_reported = 0;\
      |           ^~~~~~~~~~~~~~~~~~~~~~~~~~~~~~~~
g6k/siever.cpp:23394:3: note: in expansion of macro ‘__Pyx_TraceDeclarationsFunc’
23394 |   __Pyx_TraceDeclarationsFunc
      |   ^~~~~~~~~~~~~~~~~~~~~~~~~~~
g6k/siever.cpp:23397:13: warning: variable ‘__pyx_t_2’ might be clobbered by ‘longjmp’ or ‘vfork’ [-Wclobbered]
23397 |   PyObject *__pyx_t_2 = NULL;
      |             ^~~~~~~~~
g6k/siever.cpp:23399:13: warning: variable ‘__pyx_t_4’ might be clobbered by ‘longjmp’ or ‘vfork’ [-Wclobbered]
23399 |   PyObject *__pyx_t_4 = NULL;
      |             ^~~~~~~~~
g6k/siever.cpp:23400:13: warning: variable ‘__pyx_t_5’ might be clobbered by ‘longjmp’ or ‘vfork’ [-Wclobbered]
23400 |   PyObject *__pyx_t_5 = NULL;
      |             ^~~~~~~~~
g6k/siever.cpp:23401:13: warning: variable ‘__pyx_t_6’ might be clobbered by ‘longjmp’ or ‘vfork’ [-Wclobbered]
23401 |   PyObject *__pyx_t_6 = NULL;
      |             ^~~~~~~~~
g6k/siever.cpp:23402:13: warning: variable ‘__pyx_t_7’ might be clobbered by ‘longjmp’ or ‘vfork’ [-Wclobbered]
23402 |   PyObject *__pyx_t_7 = NULL;
      |             ^~~~~~~~~
g6k/siever.cpp:23404:13: warning: variable ‘__pyx_t_9’ might be clobbered by ‘longjmp’ or ‘vfork’ [-Wclobbered]
23404 |   PyObject *__pyx_t_9 = NULL;
      |             ^~~~~~~~~
g6k/siever.cpp: In function ‘PyObject* __pyx_pf_3g6k_6siever_6Siever_45gauss_sieve(__pyx_obj_3g6k_6siever_Siever*, std::size_t, PyObject*)’:
g6k/siever.cpp:38355:13: warning: variable ‘__pyx_r’ might be clobbered by ‘longjmp’ or ‘vfork’ [-Wclobbered]
38355 |   PyObject *__pyx_r = NULL;
      |             ^~~~~~~
g6k/siever.cpp:2882:17: warning: variable ‘__pyx_frame_code’ might be clobbered by ‘longjmp’ or ‘vfork’ [-Wclobbered]
 2882 |       PyObject *__pyx_frame_code = NULL;\
      |                 ^~~~~~~~~~~~~~~~
g6k/siever.cpp:38356:3: note: in expansion of macro ‘__Pyx_TraceDeclarationsFunc’
38356 |   __Pyx_TraceDeclarationsFunc
      |   ^~~~~~~~~~~~~~~~~~~~~~~~~~~
g6k/siever.cpp:2884:11: warning: variable ‘__pyx_exception_already_reported’ might be clobbered by ‘longjmp’ or ‘vfork’ [-Wclobbered]
 2884 |       int __pyx_exception_already_reported = 0;\
      |           ^~~~~~~~~~~~~~~~~~~~~~~~~~~~~~~~
g6k/siever.cpp:38356:3: note: in expansion of macro ‘__Pyx_TraceDeclarationsFunc’
38356 |   __Pyx_TraceDeclarationsFunc
      |   ^~~~~~~~~~~~~~~~~~~~~~~~~~~
g6k/siever.cpp:38359:13: warning: variable ‘__pyx_t_2’ might be clobbered by ‘longjmp’ or ‘vfork’ [-Wclobbered]
38359 |   PyObject *__pyx_t_2 = NULL;
      |             ^~~~~~~~~
g6k/siever.cpp:38360:13: warning: variable ‘__pyx_t_3’ might be clobbered by ‘longjmp’ or ‘vfork’ [-Wclobbered]
38360 |   PyObject *__pyx_t_3 = NULL;
      |             ^~~~~~~~~
g6k/siever.cpp:38362:13: warning: variable ‘__pyx_t_5’ might be clobbered by ‘longjmp’ or ‘vfork’ [-Wclobbered]
38362 |   PyObject *__pyx_t_5 = NULL;
      |             ^~~~~~~~~
g6k/siever.cpp:38363:13: warning: variable ‘__pyx_t_6’ might be clobbered by ‘longjmp’ or ‘vfork’ [-Wclobbered]
38363 |   PyObject *__pyx_t_6 = NULL;
      |             ^~~~~~~~~
g6k/siever.cpp:38364:13: warning: variable ‘__pyx_t_7’ might be clobbered by ‘longjmp’ or ‘vfork’ [-Wclobbered]
38364 |   PyObject *__pyx_t_7 = NULL;
      |             ^~~~~~~~~
g6k/siever.cpp:38354:121: warning: argument ‘__pyx_v_max_db_size’ might be clobbered by ‘longjmp’ or ‘vfork’ [-Wclobbered]
38354 | static PyObject *__pyx_pf_3g6k_6siever_6Siever_45gauss_sieve(struct __pyx_obj_3g6k_6siever_Siever *__pyx_v_self, size_t __pyx_v_max_db_size, PyObject *__pyx_v_reset_stats) {
      |                                                                                                                  ~~~~~~~^~~~~~~~~~~~~~~~~~~
g6k/siever.cpp: In function ‘PyObject* __pyx_pf_3g6k_6siever_6Siever_39bdgl_sieve(__pyx_obj_3g6k_6siever_Siever*, PyObject*, PyObject*, PyObject*, PyObject*)’:
g6k/siever.cpp:36661:13: warning: variable ‘__pyx_v_N’ might be clobbered by ‘longjmp’ or ‘vfork’ [-Wclobbered]
36661 |   PyObject *__pyx_v_N = NULL;
      |             ^~~~~~~~~
g6k/siever.cpp:2882:17: warning: variable ‘__pyx_frame_code’ might be clobbered by ‘longjmp’ or ‘vfork’ [-Wclobbered]
 2882 |       PyObject *__pyx_frame_code = NULL;\
      |                 ^~~~~~~~~~~~~~~~
g6k/siever.cpp:36663:3: note: in expansion of macro ‘__Pyx_TraceDeclarationsFunc’
36663 |   __Pyx_TraceDeclarationsFunc
      |   ^~~~~~~~~~~~~~~~~~~~~~~~~~~
g6k/siever.cpp:2884:11: warning: variable ‘__pyx_exception_already_reported’ might be clobbered by ‘longjmp’ or ‘vfork’ [-Wclobbered]
 2884 |       int __pyx_exception_already_reported = 0;\
      |           ^~~~~~~~~~~~~~~~~~~~~~~~~~~~~~~~
g6k/siever.cpp:36663:3: note: in expansion of macro ‘__Pyx_TraceDeclarationsFunc’
36663 |   __Pyx_TraceDeclarationsFunc
      |   ^~~~~~~~~~~~~~~~~~~~~~~~~~~
g6k/siever.cpp:36666:13: warning: variable ‘__pyx_t_2’ might be clobbered by ‘longjmp’ or ‘vfork’ [-Wclobbered]
36666 |   PyObject *__pyx_t_2 = NULL;
      |             ^~~~~~~~~
g6k/siever.cpp:36667:13: warning: variable ‘__pyx_t_3’ might be clobbered by ‘longjmp’ or ‘vfork’ [-Wclobbered]
36667 |   PyObject *__pyx_t_3 = NULL;
      |             ^~~~~~~~~
g6k/siever.cpp:36668:13: warning: variable ‘__pyx_t_4’ might be clobbered by ‘longjmp’ or ‘vfork’ [-Wclobbered]
36668 |   PyObject *__pyx_t_4 = NULL;
      |             ^~~~~~~~~
g6k/siever.cpp:36669:13: warning: variable ‘__pyx_t_5’ might be clobbered by ‘longjmp’ or ‘vfork’ [-Wclobbered]
36669 |   PyObject *__pyx_t_5 = NULL;
      |             ^~~~~~~~~
g6k/siever.cpp:36673:13: warning: variable ‘__pyx_t_9’ might be clobbered by ‘longjmp’ or ‘vfork’ [-Wclobbered]
36673 |   PyObject *__pyx_t_9 = NULL;
      |             ^~~~~~~~~
g6k/siever.cpp:36660:123: warning: argument ‘__pyx_v_blocks’ might be clobbered by ‘longjmp’ or ‘vfork’ [-Wclobbered]
36660 | static PyObject *__pyx_pf_3g6k_6siever_6Siever_39bdgl_sieve(struct __pyx_obj_3g6k_6siever_Siever *__pyx_v_self, PyObject *__pyx_v_blocks, PyObject *__pyx_v_buckets, PyObject *__pyx_v_reset_stats, PyObject *__pyx_v_check_saturation) {
      |                                                                                                                 ~~~~~~~~~~^~~~~~~~~~~~~~
g6k/siever.cpp:36660:149: warning: argument ‘__pyx_v_buckets’ might be clobbered by ‘longjmp’ or ‘vfork’ [-Wclobbered]
36660 | static PyObject *__pyx_pf_3g6k_6siever_6Siever_39bdgl_sieve(struct __pyx_obj_3g6k_6siever_Siever *__pyx_v_self, PyObject *__pyx_v_blocks, PyObject *__pyx_v_buckets, PyObject *__pyx_v_reset_stats, PyObject *__pyx_v_check_saturation) {
      |                                                                                                                                           ~~~~~~~~~~^~~~~~~~~~~~~~~
g6k/siever.cpp: In function ‘PyObject* __pyx_pf_3g6k_6siever_6Siever_55insert(__pyx_obj_3g6k_6siever_Siever*, PyObject*, PyObject*)’:
g6k/siever.cpp:41348:13: warning: variable ‘__pyx_v_i’ might be clobbered by ‘longjmp’ or ‘vfork’ [-Wclobbered]
41348 |   PyObject *__pyx_v_i = NULL;
      |             ^~~~~~~~~
g6k/siever.cpp:41349:13: warning: variable ‘__pyx_v_new_l’ might be clobbered by ‘longjmp’ or ‘vfork’ [-Wclobbered]
41349 |   PyObject *__pyx_v_new_l = NULL;
      |             ^~~~~~~~~~~~~
g6k/siever.cpp:41350:13: warning: variable ‘__pyx_v_new_n’ might be clobbered by ‘longjmp’ or ‘vfork’ [-Wclobbered]
41350 |   PyObject *__pyx_v_new_n = NULL;
      |             ^~~~~~~~~~~~~
g6k/siever.cpp:41351:18: warning: variable ‘__pyx_v_T’ might be clobbered by ‘longjmp’ or ‘vfork’ [-Wclobbered]
41351 |   PyArrayObject *__pyx_v_T = 0;
      |                  ^~~~~~~~~
g6k/siever.cpp:41352:13: warning: variable ‘__pyx_v_j’ might be clobbered by ‘longjmp’ or ‘vfork’ [-Wclobbered]
41352 |   PyObject *__pyx_v_j = NULL;
      |             ^~~~~~~~~
g6k/siever.cpp:2882:17: warning: variable ‘__pyx_frame_code’ might be clobbered by ‘longjmp’ or ‘vfork’ [-Wclobbered]
 2882 |       PyObject *__pyx_frame_code = NULL;\
      |                 ^~~~~~~~~~~~~~~~
g6k/siever.cpp:41354:3: note: in expansion of macro ‘__Pyx_TraceDeclarationsFunc’
41354 |   __Pyx_TraceDeclarationsFunc
      |   ^~~~~~~~~~~~~~~~~~~~~~~~~~~
g6k/siever.cpp:2884:11: warning: variable ‘__pyx_exception_already_reported’ might be clobbered by ‘longjmp’ or ‘vfork’ [-Wclobbered]
 2884 |       int __pyx_exception_already_reported = 0;\
      |           ^~~~~~~~~~~~~~~~~~~~~~~~~~~~~~~~
g6k/siever.cpp:41354:3: note: in expansion of macro ‘__Pyx_TraceDeclarationsFunc’
41354 |   __Pyx_TraceDeclarationsFunc
      |   ^~~~~~~~~~~~~~~~~~~~~~~~~~~
g6k/siever.cpp:41362:13: warning: variable ‘__pyx_t_7’ might be clobbered by ‘longjmp’ or ‘vfork’ [-Wclobbered]
41362 |   PyObject *__pyx_t_7 = NULL;
      |             ^~~~~~~~~
g6k/siever.cpp:41372:13: warning: variable ‘__pyx_t_17’ might be clobbered by ‘longjmp’ or ‘vfork’ [-Wclobbered]
41372 |   PyObject *__pyx_t_17 = NULL;
      |             ^~~~~~~~~~
g6k/siever.cpp:41345:144: warning: argument ‘__pyx_v_v’ might be clobbered by ‘longjmp’ or ‘vfork’ [-Wclobbered]
41345 | static PyObject *__pyx_pf_3g6k_6siever_6Siever_55insert(struct __pyx_obj_3g6k_6siever_Siever *__pyx_v_self, PyObject *__pyx_v_kappa, PyObject *__pyx_v_v) {
      |                                                                                                                                      ~~~~~~~~~~^~~~~~~~~
c++ -pthread -fno-strict-overflow -Wsign-compare -Wunreachable-code -DNDEBUG -g -O3 -Wall -O3 -fPIC -shared -Wl,--exclude-libs,ALL -LModules/_hacl build/temp.linux-x86_64-cpython-313/g6k/siever.o -L/home/pyjast1123/.local/share/uv/python/cpython-3.13.12-linux-x86_64-gnu/lib -lgmp -lpthread -o build/lib.linux-x86_64-cpython-313/g6k/siever.cpython-313-x86_64-linux-gnu.so kernel/.libs/sieving.o kernel/.libs/control.o kernel/.libs/bgj1_sieve.o kernel/.libs/bdgl_sieve.o kernel/.libs/hk3_sieve.o kernel/.libs/fht_lsh.o kernel/.libs/params.o kernel/.libs/cpuperf.o
copying build/lib.linux-x86_64-cpython-313/g6k/siever.cpython-313-x86_64-linux-gnu.so -> g6k
copying build/lib.linux-x86_64-cpython-313/g6k/siever_params.cpython-313-x86_64-linux-gnu.so -> g6k
