make: Entering directory '/home/pyjast1123/workspace/builds/g6k/kernel'
g++ -fPIC -Ofast -march=native -ftree-vectorize -funroll-loops -std=c++11 -pthread -Wall -Wextra -DMAX_SIEVING_DIM=128 -DGPUVECNUM=65536 -DHAVE_CUDA -I../parallel-hashmap -lineinfo -I/usr/local/cuda/include -I../parallel-hashmap -c sieving.cpp -o sieving.o
In file included from sieving.cpp:1:
siever.h: In constructor ‘UidHashTable::UidHashTable()’:
siever.h:254:18: warning: ‘UidHashTable::n’ will be initialized after [-Wreorder]
  254 |     unsigned int n; // dimension of points in the domain of the hash function.
      |                  ^
siever.h:221:24: warning:   ‘std::vector<long unsigned int> UidHashTable::uid_coeffs’ [-Wreorder]
  221 |   std::vector<UidType> uid_coeffs;        // description of the hash function.
      |                        ^~~~~~~~~~
siever.h:193:12: warning:   when initialized here [-Wreorder]
  193 |   explicit UidHashTable() : db_uid(), n(0), uid_coeffs(), reserve_size(0)
      |            ^~~~~~~~~~~~
siever.h: In constructor ‘Siever::Siever(const SieverParams&, long unsigned int)’:
siever.h:708:18: warning: ‘Siever::n’ will be initialized after [-Wreorder]
  708 |     unsigned int n;                           // current context dimension, n = r - l
      |                  ^
siever.h:705:18: warning:   ‘unsigned int Siever::ll’ [-Wreorder]
  705 |     unsigned int ll;
      |                  ^~
siever.h:522:14: warning:   when initialized here [-Wreorder]
  522 |     explicit Siever(const SieverParams &params, unsigned long int seed = 0) :
      |              ^~~~~~
In file included from siever.h:1287:
db.inl: In member function ‘bool Siever::verify_integrity(bool)’:
db.inl:41:43: warning: unused parameter ‘test_bijection’ [-Wunused-parameter]
   41 | inline bool Siever::verify_integrity(bool test_bijection)
      |                                      ~~~~~^~~~~~~~~~~~~~
g++ -fPIC -Ofast -march=native -ftree-vectorize -funroll-loops -std=c++11 -pthread -Wall -Wextra -DMAX_SIEVING_DIM=128 -DGPUVECNUM=65536 -DHAVE_CUDA -I../parallel-hashmap -lineinfo -I/usr/local/cuda/include -I../parallel-hashmap -c control.cpp -o control.o
In file included from control.cpp:3:
siever.h: In constructor ‘UidHashTable::UidHashTable()’:
siever.h:254:18: warning: ‘UidHashTable::n’ will be initialized after [-Wreorder]
  254 |     unsigned int n; // dimension of points in the domain of the hash function.
      |                  ^
siever.h:221:24: warning:   ‘std::vector<long unsigned int> UidHashTable::uid_coeffs’ [-Wreorder]
  221 |   std::vector<UidType> uid_coeffs;        // description of the hash function.
      |                        ^~~~~~~~~~
siever.h:193:12: warning:   when initialized here [-Wreorder]
  193 |   explicit UidHashTable() : db_uid(), n(0), uid_coeffs(), reserve_size(0)
      |            ^~~~~~~~~~~~
siever.h: In constructor ‘Siever::Siever(const SieverParams&, long unsigned int)’:
siever.h:708:18: warning: ‘Siever::n’ will be initialized after [-Wreorder]
  708 |     unsigned int n;                           // current context dimension, n = r - l
      |                  ^
siever.h:705:18: warning:   ‘unsigned int Siever::ll’ [-Wreorder]
  705 |     unsigned int ll;
      |                  ^~
siever.h:522:14: warning:   when initialized here [-Wreorder]
  522 |     explicit Siever(const SieverParams &params, unsigned long int seed = 0) :
      |              ^~~~~~
In file included from siever.h:1287:
db.inl: In member function ‘bool Siever::verify_integrity(bool)’:
db.inl:41:43: warning: unused parameter ‘test_bijection’ [-Wunused-parameter]
   41 | inline bool Siever::verify_integrity(bool test_bijection)
      |                                      ~~~~~^~~~~~~~~~~~~~
control.cpp: In member function ‘void Siever::initialize_local(unsigned int, unsigned int, unsigned int)’:
control.cpp:169:32: warning: comparison of integer expressions of different signedness: ‘int’ and ‘unsigned int’ [-Wsign-compare]
  169 |             for (int i = l_; i < r_; ++i)
      |                              ~~^~~~
control.cpp:185:23: warning: comparison of integer expressions of different signedness: ‘int’ and ‘unsigned int’ [-Wsign-compare]
  185 |     for (int i = 0; i < ll; ++i)
      |                     ~~^~~~
control.cpp:190:24: warning: comparison of integer expressions of different signedness: ‘int’ and ‘unsigned int’ [-Wsign-compare]
  190 |     for (int i = ll; i < ll_; ++i)
      |                      ~~^~~~~
control.cpp:202:12: warning: unused variable ‘time_best_lifts_so_far’ [-Wunused-variable]
  202 |     double time_best_lifts_so_far = std::chrono::duration_cast<std::chrono::microseconds>(std::chrono::steady_clock::now() - start_time).count();
      |            ^~~~~~~~~~~~~~~~~~~~~~
control.cpp:208:12: warning: unused variable ‘time_invalidate_histo’ [-Wunused-variable]
  208 |     double time_invalidate_histo = std::chrono::duration_cast<std::chrono::microseconds>(std::chrono::steady_clock::now() - start_time).count();
      |            ^~~~~~~~~~~~~~~~~~~~~
control.cpp:244:12: warning: unused variable ‘time_mu_and_gh’ [-Wunused-variable]
  244 |     double time_mu_and_gh = std::chrono::duration_cast<std::chrono::microseconds>(std::chrono::steady_clock::now() - start_time).count();
      |            ^~~~~~~~~~~~~~
control.cpp:247:12: warning: unused variable ‘time_lift_bounds’ [-Wunused-variable]
  247 |     double time_lift_bounds = std::chrono::duration_cast<std::chrono::microseconds>(std::chrono::steady_clock::now() - start_time).count();
      |            ^~~~~~~~~~~~~~~~
control.cpp:250:12: warning: unused variable ‘time_simhash_reset’ [-Wunused-variable]
  250 |     double time_simhash_reset = std::chrono::duration_cast<std::chrono::microseconds>(std::chrono::steady_clock::now() - start_time).count();
      |            ^~~~~~~~~~~~~~~~~~
control.cpp:253:12: warning: unused variable ‘time_uid_reset’ [-Wunused-variable]
  253 |     double time_uid_reset = std::chrono::duration_cast<std::chrono::microseconds>(std::chrono::steady_clock::now() - start_time).count();
      |            ^~~~~~~~~~~~~~
control.cpp:257:12: warning: unused variable ‘time_invalidate_sorting’ [-Wunused-variable]
  257 |     double time_invalidate_sorting = std::chrono::duration_cast<std::chrono::microseconds>(std::chrono::steady_clock::now() - start_time).count();
      |            ^~~~~~~~~~~~~~~~~~~~~~~
control.cpp:266:12: warning: unused variable ‘time_gpu_init’ [-Wunused-variable]
  266 |     double time_gpu_init = std::chrono::duration_cast<std::chrono::microseconds>(std::chrono::steady_clock::now() - start_time).count();
      |            ^~~~~~~~~~~~~
control.cpp: In member function ‘void Siever::gso_update_postprocessing(unsigned int, unsigned int, const long int*)’:
control.cpp:436:12: warning: unused variable ‘time_context_change’ [-Wunused-variable]
  436 |     double time_context_change = std::chrono::duration_cast<std::chrono::microseconds>(std::chrono::steady_clock::now() - start_time).count();
      |            ^~~~~~~~~~~~~~~~~~~
control.cpp:458:12: warning: unused variable ‘time_recompute_lifts’ [-Wunused-variable]
  458 |     double time_recompute_lifts = std::chrono::duration_cast<std::chrono::microseconds>(std::chrono::steady_clock::now() - start_time).count();
      |            ^~~~~~~~~~~~~~~~~~~~
control.cpp:474:12: warning: unused variable ‘time_xtransform’ [-Wunused-variable]
  474 |     double time_xtransform = std::chrono::duration_cast<std::chrono::microseconds>(std::chrono::steady_clock::now() - start_time).count();
      |            ^~~~~~~~~~~~~~~
control.cpp:477:12: warning: variable ‘time_recompute’ set but not used [-Wunused-but-set-variable=]
  477 |     double time_recompute = 0.;
      |            ^~~~~~~~~~~~~~
control.cpp:478:12: warning: variable ‘time_lift’ set but not used [-Wunused-but-set-variable=]
  478 |     double time_lift = 0.;
      |            ^~~~~~~~~
control.cpp:499:12: warning: unused variable ‘time_refresh’ [-Wunused-variable]
  499 |     double time_refresh = std::chrono::duration_cast<std::chrono::microseconds>(std::chrono::steady_clock::now() - start_time).count();
      |            ^~~~~~~~~~~~
g++ -fPIC -Ofast -march=native -ftree-vectorize -funroll-loops -std=c++11 -pthread -Wall -Wextra -DMAX_SIEVING_DIM=128 -DGPUVECNUM=65536 -DHAVE_CUDA -I../parallel-hashmap -lineinfo -I/usr/local/cuda/include -I../parallel-hashmap -c bgj1_sieve.cpp -o bgj1_sieve.o
In file included from bgj1_sieve.cpp:1:
siever.h: In constructor ‘UidHashTable::UidHashTable()’:
siever.h:254:18: warning: ‘UidHashTable::n’ will be initialized after [-Wreorder]
  254 |     unsigned int n; // dimension of points in the domain of the hash function.
      |                  ^
siever.h:221:24: warning:   ‘std::vector<long unsigned int> UidHashTable::uid_coeffs’ [-Wreorder]
  221 |   std::vector<UidType> uid_coeffs;        // description of the hash function.
      |                        ^~~~~~~~~~
siever.h:193:12: warning:   when initialized here [-Wreorder]
  193 |   explicit UidHashTable() : db_uid(), n(0), uid_coeffs(), reserve_size(0)
      |            ^~~~~~~~~~~~
siever.h: In constructor ‘Siever::Siever(const SieverParams&, long unsigned int)’:
siever.h:708:18: warning: ‘Siever::n’ will be initialized after [-Wreorder]
  708 |     unsigned int n;                           // current context dimension, n = r - l
      |                  ^
siever.h:705:18: warning:   ‘unsigned int Siever::ll’ [-Wreorder]
  705 |     unsigned int ll;
      |                  ^~
siever.h:522:14: warning:   when initialized here [-Wreorder]
  522 |     explicit Siever(const SieverParams &params, unsigned long int seed = 0) :
      |              ^~~~~~
In file included from siever.h:1287:
db.inl: In member function ‘bool Siever::verify_integrity(bool)’:
db.inl:41:43: warning: unused parameter ‘test_bijection’ [-Wunused-parameter]
   41 | inline bool Siever::verify_integrity(bool test_bijection)
      |                                      ~~~~~^~~~~~~~~~~~~~
g++ -fPIC -Ofast -march=native -ftree-vectorize -funroll-loops -std=c++11 -pthread -Wall -Wextra -DMAX_SIEVING_DIM=128 -DGPUVECNUM=65536 -DHAVE_CUDA -I../parallel-hashmap -lineinfo -I/usr/local/cuda/include -I../parallel-hashmap -c gpu_sieve.cpp -o gpu_sieve.o
In file included from ../cuda/GPUStreamGeneral.h:17,
                 from gpu_sieve.cpp:3:
../cuda/../kernel/siever.h: In constructor ‘UidHashTable::UidHashTable()’:
../cuda/../kernel/siever.h:254:18: warning: ‘UidHashTable::n’ will be initialized after [-Wreorder]
  254 |     unsigned int n; // dimension of points in the domain of the hash function.
      |                  ^
../cuda/../kernel/siever.h:221:24: warning:   ‘std::vector<long unsigned int> UidHashTable::uid_coeffs’ [-Wreorder]
  221 |   std::vector<UidType> uid_coeffs;        // description of the hash function.
      |                        ^~~~~~~~~~
../cuda/../kernel/siever.h:193:12: warning:   when initialized here [-Wreorder]
  193 |   explicit UidHashTable() : db_uid(), n(0), uid_coeffs(), reserve_size(0)
      |            ^~~~~~~~~~~~
../cuda/../kernel/siever.h: In constructor ‘Siever::Siever(const SieverParams&, long unsigned int)’:
../cuda/../kernel/siever.h:708:18: warning: ‘Siever::n’ will be initialized after [-Wreorder]
  708 |     unsigned int n;                           // current context dimension, n = r - l
      |                  ^
../cuda/../kernel/siever.h:705:18: warning:   ‘unsigned int Siever::ll’ [-Wreorder]
  705 |     unsigned int ll;
      |                  ^~
../cuda/../kernel/siever.h:522:14: warning:   when initialized here [-Wreorder]
  522 |     explicit Siever(const SieverParams &params, unsigned long int seed = 0) :
      |              ^~~~~~
In file included from ../cuda/../kernel/siever.h:1287:
../cuda/../kernel/db.inl: In member function ‘bool Siever::verify_integrity(bool)’:
../cuda/../kernel/db.inl:41:43: warning: unused parameter ‘test_bijection’ [-Wunused-parameter]
   41 | inline bool Siever::verify_integrity(bool test_bijection)
      |                                      ~~~~~^~~~~~~~~~~~~~
gpu_sieve.cpp: In member function ‘void Siever::gpu_bucketing_prepare(std::size_t, const std::vector<long unsigned int>&)’:
gpu_sieve.cpp:196:27: warning: comparison of integer expressions of different signedness: ‘int’ and ‘unsigned int’ [-Wsign-compare]
  196 |         for( int i = 0; i < n; i++ ) {
      |                         ~~^~~
gpu_sieve.cpp:197:31: warning: comparison of integer expressions of different signedness: ‘int’ and ‘unsigned int’ [-Wsign-compare]
  197 |             for( int j = 0; j < n; j++ ) {
      |                             ~~^~~
gpu_sieve.cpp:199:35: warning: comparison of integer expressions of different signedness: ‘int’ and ‘unsigned int’ [-Wsign-compare]
  199 |                 for( int k = 0; k < n; k++ ) {
      |                                 ~~^~~
gpu_sieve.cpp: In lambda function:
gpu_sieve.cpp:209:83: warning: comparison of integer expressions of different signedness: ‘int’ and ‘long unsigned int’ [-Wsign-compare]
  209 |             size_t streams = std::min( gpu_general[0].size(), chunks/th_n + (th_i < (chunks%th_n)));
      |                                                                              ~~~~~^~~~~~~~~~~~~~~
gpu_sieve.cpp: In lambda function:
gpu_sieve.cpp:312:38: warning: comparison of integer expressions of different signedness: ‘std::size_t’ {aka ‘long unsigned int’} and ‘int’ [-Wsign-compare]
  312 |                 for( size_t i = 0; i < threads; i++ ) {
      |                                    ~~^~~~~~~~~
gpu_sieve.cpp:323:38: warning: comparison of integer expressions of different signedness: ‘std::size_t’ {aka ‘long unsigned int’} and ‘int’ [-Wsign-compare]
  323 |                 for( size_t i = 0; i < threads; i++ ) {
      |                                    ~~^~~~~~~~~
gpu_sieve.cpp: In member function ‘void Siever::gpu_sieve_replace(std::size_t, std::size_t, std::deque<Entry>&, std::size_t&)’:
gpu_sieve.cpp:625:46: warning: comparison of integer expressions of different signedness: ‘int64_t’ {aka ‘long int’} and ‘const std::size_t’ {aka ‘const long unsigned int’} [-Wsign-compare]
  625 |     for(; !transaction_db.empty() && i_index >= threads; ++t_index)
      |                                      ~~~~~~~~^~~~~~~~~~
gpu_sieve.cpp:624:13: warning: variable ‘t_index’ set but not used [-Wunused-but-set-variable=]
  624 |     int64_t t_index = 0;
      |             ^~~~~~~
gpu_sieve.cpp:622:46: warning: unused parameter ‘t_id’ [-Wunused-parameter]
  622 | void Siever::gpu_sieve_replace( const size_t t_id, const size_t threads, std::deque<Entry> &transaction_db, size_t &min_i_index ) {
      |                                 ~~~~~~~~~~~~~^~~~
gpu_sieve.cpp: In member function ‘void Siever::gpu_sieve()’:
gpu_sieve.cpp:762:12: warning: unused variable ‘lenbound_ratio’ [-Wunused-variable]
  762 |     double lenbound_ratio = params.lenbound_ratio;
      |            ^~~~~~~~~~~~~~
In file included from ../cuda/../kernel/siever.inl:8,
                 from ../cuda/../kernel/siever.h:1285:
../cuda/../kernel/parallel_algorithms.hpp: In instantiation of ‘void parallel_algorithms::nth_element(RandIt, RandIt, RandIt, Compare, Threadpool&, std::size_t) [with RandIt = __gnu_cxx::__normal_iterator<long unsigned int*, std::vector<long unsigned int> >; Compare = Siever::gpu_sieve()::<lambda(std::size_t, std::size_t)>; Threadpool = thread_pool::thread_pool; std::size_t = long unsigned int]’:
gpu_sieve.cpp:932:28:   required from here
  932 |             pa::nth_element(bucketcenters.begin(), bucketcenters.begin()+nr_buckets, bucketcenters.end(), cf, threadpool);
      |             ~~~~~~~~~~~~~~~^~~~~~~~~~~~~~~~~~~~~~~~~~~~~~~~~~~~~~~~~~~~~~~~~~~~~~~~~~~~~~~~~~~~~~~~~~~~~~~~~~~~~~~~~~~~~~
../cuda/../kernel/parallel_algorithms.hpp:359:34: warning: comparison of integer expressions of different signedness: ‘difference_type’ {aka ‘long int’} and ‘std::size_t’ {aka ‘long unsigned int’} [-Wsign-compare]
  359 |                         if (dist <= chunksize*4)
      |                             ~~~~~^~~~~~~~~~~~~~
In file included from /usr/include/c++/16/cassert:46,
                 from ../cuda/../kernel/parallel_algorithms.hpp:34:
../cuda/../kernel/parallel_algorithms.hpp:367:46: warning: comparison of integer expressions of different signedness: ‘const std::size_t’ {aka ‘const long unsigned int’} and ‘difference_type’ {aka ‘long int’} [-Wsign-compare]
  367 |                         assert(selectionsize <= dist);
      |                                ~~~~~~~~~~~~~~^~~~~~~
g++ -fPIC -Ofast -march=native -ftree-vectorize -funroll-loops -std=c++11 -pthread -Wall -Wextra -DMAX_SIEVING_DIM=128 -DGPUVECNUM=65536 -DHAVE_CUDA -I../parallel-hashmap -lineinfo -I/usr/local/cuda/include -I../parallel-hashmap -c triple_sieve.cpp -o triple_sieve.o
In file included from triple_sieve.cpp:1:
siever.h: In constructor ‘UidHashTable::UidHashTable()’:
siever.h:254:18: warning: ‘UidHashTable::n’ will be initialized after [-Wreorder]
  254 |     unsigned int n; // dimension of points in the domain of the hash function.
      |                  ^
siever.h:221:24: warning:   ‘std::vector<long unsigned int> UidHashTable::uid_coeffs’ [-Wreorder]
  221 |   std::vector<UidType> uid_coeffs;        // description of the hash function.
      |                        ^~~~~~~~~~
siever.h:193:12: warning:   when initialized here [-Wreorder]
  193 |   explicit UidHashTable() : db_uid(), n(0), uid_coeffs(), reserve_size(0)
      |            ^~~~~~~~~~~~
siever.h: In constructor ‘Siever::Siever(const SieverParams&, long unsigned int)’:
siever.h:708:18: warning: ‘Siever::n’ will be initialized after [-Wreorder]
  708 |     unsigned int n;                           // current context dimension, n = r - l
      |                  ^
siever.h:705:18: warning:   ‘unsigned int Siever::ll’ [-Wreorder]
  705 |     unsigned int ll;
      |                  ^~
siever.h:522:14: warning:   when initialized here [-Wreorder]
  522 |     explicit Siever(const SieverParams &params, unsigned long int seed = 0) :
      |              ^~~~~~
In file included from siever.h:1287:
db.inl: In member function ‘bool Siever::verify_integrity(bool)’:
db.inl:41:43: warning: unused parameter ‘test_bijection’ [-Wunused-parameter]
   41 | inline bool Siever::verify_integrity(bool test_bijection)
      |                                      ~~~~~^~~~~~~~~~~~~~
g++ -fPIC -Ofast -march=native -ftree-vectorize -funroll-loops -std=c++11 -pthread -Wall -Wextra -DMAX_SIEVING_DIM=128 -DGPUVECNUM=65536 -DHAVE_CUDA -I../parallel-hashmap -lineinfo -I/usr/local/cuda/include -I../parallel-hashmap -c params.cpp -o params.o
In file included from params.cpp:1:
siever.h: In constructor ‘UidHashTable::UidHashTable()’:
siever.h:254:18: warning: ‘UidHashTable::n’ will be initialized after [-Wreorder]
  254 |     unsigned int n; // dimension of points in the domain of the hash function.
      |                  ^
siever.h:221:24: warning:   ‘std::vector<long unsigned int> UidHashTable::uid_coeffs’ [-Wreorder]
  221 |   std::vector<UidType> uid_coeffs;        // description of the hash function.
      |                        ^~~~~~~~~~
siever.h:193:12: warning:   when initialized here [-Wreorder]
  193 |   explicit UidHashTable() : db_uid(), n(0), uid_coeffs(), reserve_size(0)
      |            ^~~~~~~~~~~~
siever.h: In constructor ‘Siever::Siever(const SieverParams&, long unsigned int)’:
siever.h:708:18: warning: ‘Siever::n’ will be initialized after [-Wreorder]
  708 |     unsigned int n;                           // current context dimension, n = r - l
      |                  ^
siever.h:705:18: warning:   ‘unsigned int Siever::ll’ [-Wreorder]
  705 |     unsigned int ll;
      |                  ^~
siever.h:522:14: warning:   when initialized here [-Wreorder]
  522 |     explicit Siever(const SieverParams &params, unsigned long int seed = 0) :
      |              ^~~~~~
In file included from siever.h:1287:
db.inl: In member function ‘bool Siever::verify_integrity(bool)’:
db.inl:41:43: warning: unused parameter ‘test_bijection’ [-Wunused-parameter]
   41 | inline bool Siever::verify_integrity(bool test_bijection)
      |                                      ~~~~~^~~~~~~~~~~~~~
g++ -fPIC -Ofast -march=native -ftree-vectorize -funroll-loops -std=c++11 -pthread -Wall -Wextra -DMAX_SIEVING_DIM=128 -DGPUVECNUM=65536 -DHAVE_CUDA -I../parallel-hashmap -lineinfo -I/usr/local/cuda/include -I../parallel-hashmap -c cpuperf.cpp -o cpuperf.o
In file included from cpuperf.cpp:1:
siever.h: In constructor ‘UidHashTable::UidHashTable()’:
siever.h:254:18: warning: ‘UidHashTable::n’ will be initialized after [-Wreorder]
  254 |     unsigned int n; // dimension of points in the domain of the hash function.
      |                  ^
siever.h:221:24: warning:   ‘std::vector<long unsigned int> UidHashTable::uid_coeffs’ [-Wreorder]
  221 |   std::vector<UidType> uid_coeffs;        // description of the hash function.
      |                        ^~~~~~~~~~
siever.h:193:12: warning:   when initialized here [-Wreorder]
  193 |   explicit UidHashTable() : db_uid(), n(0), uid_coeffs(), reserve_size(0)
      |            ^~~~~~~~~~~~
siever.h: In constructor ‘Siever::Siever(const SieverParams&, long unsigned int)’:
siever.h:708:18: warning: ‘Siever::n’ will be initialized after [-Wreorder]
  708 |     unsigned int n;                           // current context dimension, n = r - l
      |                  ^
siever.h:705:18: warning:   ‘unsigned int Siever::ll’ [-Wreorder]
  705 |     unsigned int ll;
      |                  ^~
siever.h:522:14: warning:   when initialized here [-Wreorder]
  522 |     explicit Siever(const SieverParams &params, unsigned long int seed = 0) :
      |              ^~~~~~
In file included from siever.h:1287:
db.inl: In member function ‘bool Siever::verify_integrity(bool)’:
db.inl:41:43: warning: unused parameter ‘test_bijection’ [-Wunused-parameter]
   41 | inline bool Siever::verify_integrity(bool test_bijection)
      |                                      ~~~~~^~~~~~~~~~~~~~
g++ -fPIC -Ofast -march=native -ftree-vectorize -funroll-loops -std=c++11 -pthread -Wall -Wextra -DMAX_SIEVING_DIM=128 -DGPUVECNUM=65536 -DHAVE_CUDA -I../parallel-hashmap -lineinfo -I/usr/local/cuda/include -I../parallel-hashmap -c triple_sieve_mt.cpp -o triple_sieve_mt.o
In file included from triple_sieve_mt.cpp:3:
siever.h: In constructor ‘UidHashTable::UidHashTable()’:
siever.h:254:18: warning: ‘UidHashTable::n’ will be initialized after [-Wreorder]
  254 |     unsigned int n; // dimension of points in the domain of the hash function.
      |                  ^
siever.h:221:24: warning:   ‘std::vector<long unsigned int> UidHashTable::uid_coeffs’ [-Wreorder]
  221 |   std::vector<UidType> uid_coeffs;        // description of the hash function.
      |                        ^~~~~~~~~~
siever.h:193:12: warning:   when initialized here [-Wreorder]
  193 |   explicit UidHashTable() : db_uid(), n(0), uid_coeffs(), reserve_size(0)
      |            ^~~~~~~~~~~~
siever.h: In constructor ‘Siever::Siever(const SieverParams&, long unsigned int)’:
siever.h:708:18: warning: ‘Siever::n’ will be initialized after [-Wreorder]
  708 |     unsigned int n;                           // current context dimension, n = r - l
      |                  ^
siever.h:705:18: warning:   ‘unsigned int Siever::ll’ [-Wreorder]
  705 |     unsigned int ll;
      |                  ^~
siever.h:522:14: warning:   when initialized here [-Wreorder]
  522 |     explicit Siever(const SieverParams &params, unsigned long int seed = 0) :
      |              ^~~~~~
In file included from siever.h:1287:
db.inl: In member function ‘bool Siever::verify_integrity(bool)’:
db.inl:41:43: warning: unused parameter ‘test_bijection’ [-Wunused-parameter]
   41 | inline bool Siever::verify_integrity(bool test_bijection)
      |                                      ~~~~~^~~~~~~~~~~~~~
triple_sieve_mt.cpp: In member function ‘std::size_t Siever::gauss_triple_mt_execute_delayed_insertion(TS_Transaction_DB_Type&, float&, unsigned int)’:
triple_sieve_mt.cpp:1504:37: warning: type qualifiers ignored on cast result type [-Wignored-qualifiers]
 1504 |                 if(old_queue_left < static_cast<decltype(old_queue_left)> (insertion_size + TS_max_extra_queue_size))
      |                                     ^~~~~~~~~~~~~~~~~~~~~~~~~~~~~~~~~~~~~~~~~~~~~~~~~~~~~~~~~~~~~~~~~~~~~~~~~~~~~~~~
triple_sieve_mt.cpp:1516:39: warning: comparison of integer expressions of different signedness: ‘const long int’ and ‘const std::size_t’ {aka ‘const long unsigned int’} [-Wsign-compare]
 1516 |                     if(old_queue_left > TS_max_extra_queue_size)
      |                        ~~~~~~~~~~~~~~~^~~~~~~~~~~~~~~~~~~~~~~~~
In file included from /usr/include/c++/16/cassert:46,
                 from parallel_algorithms.hpp:34,
                 from siever.inl:8,
                 from siever.h:1285:
triple_sieve_mt.cpp:1594:56: warning: comparison of integer expressions of different signedness: ‘long int’ and ‘std::size_t’ {aka ‘long unsigned int’} [-Wsign-compare]
 1594 |         assert(insertion_end_ptr - insertion_start_ptr == insertion_size);
      |                ~~~~~~~~~~~~~~~~~~~~~~~~~~~~~~~~~~~~~~~~^~~~~~~~~~~~~~~~~
triple_sieve_mt.cpp:1624:30: warning: comparison of integer expressions of different signedness: ‘int’ and ‘long unsigned int’ [-Wsign-compare]
 1624 |             for(int t = 0; t < (sizeof(Entry) + 63) / 64; ++t)
      |                            ~~^~~~~~~~~~~~~~~~~~~~~~~~~~~
triple_sieve_mt.cpp: In member function ‘std::pair<Entry, long unsigned int> Siever::gauss_triple_mt_get_p(TS_CDB_Snapshot*&, unsigned int, TS_Transaction_DB_Type&, float&)’:
triple_sieve_mt.cpp:1713:168: warning: unused parameter ‘update_len_bound’ [-Wunused-parameter]
 1713 | std::pair<Entry, size_t> Siever::gauss_triple_mt_get_p(TS_CDB_Snapshot * &thread_local_snapshot, unsigned int const id, TS_Transaction_DB_Type &transaction_db, float &update_len_bound)
      |                                                                                                                                                                 ~~~~~~~^~~~~~~~~~~~~~~~
triple_sieve_mt.cpp: In member function ‘void Siever::gauss_triple_mt_restore_cdb()’:
triple_sieve_mt.cpp:1901:12: warning: type qualifiers ignored on cast result type [-Wignored-qualifiers]
 1901 |     assert(static_cast<mystd::make_unsigned_t<decltype(find_latest_snapshot)>> (find_latest_snapshot) < TS_snapshots_used);
      |            ^~~~~~~~~~~~~~~~~~~~~~~~~~~~~~~~~~~~~~~~~~~~~~~~~~~~~~~~~~~~~~~~~~~~~~~~~~~~~~~~~~~~~~~~~~
/opt/cuda/bin/nvcc -ccbin g++ -Xcompiler -fPIC -Xcompiler -Ofast -Xcompiler -march=native -Xcompiler -pthread -Xcompiler -Wall -Xcompiler -Wextra -Xcompiler -DMAX_SIEVING_DIM=128 -Xcompiler -DGPUVECNUM=65536 -Xcompiler -DHAVE_CUDA -std=c++11 -O3 -gencode arch=compute_75,code=sm_75 -gencode arch=compute_75,code=compute_75 -lineinfo -I/usr/local/cuda/include -I../parallel-hashmap -c ../cuda/GPUStreamGeneral.cu -o ../cuda/GPUStreamGeneral.o
../cuda/../kernel/siever.h(523): warning #68-D: integer conversion resulted in a change of sign
          full_n(0), full_muT(), full_rr(), l(0), r(-1), n(0), ll(0), muT(), db(), cdb(),
                                                    ^

Remark: The warnings can be suppressed with "-diag-suppress <warning-number>"

../cuda/../kernel/siever.h(523): warning #68-D: integer conversion resulted in a change of sign
          full_n(0), full_muT(), full_rr(), l(0), r(-1), n(0), ll(0), muT(), db(), cdb(),
                                                    ^

Remark: The warnings can be suppressed with "-diag-suppress <warning-number>"

../cuda/GPUStreamGeneral.cu(2834): warning #177-D: variable "b_size" was declared but never referenced
                  const auto b_size = onlyprocess ? curr_bucket->size : prev_bucket->size;
                             ^

../cuda/GPUStreamGeneral.cu(1703): warning #177-D: variable "BL" was declared but never referenced
      const uint32_t BL = 4;
                     ^

../cuda/../kernel/db.inl: In member function ‘bool Siever::verify_integrity(bool)’:
../cuda/../kernel/db.inl:41:43: warning: unused parameter ‘test_bijection’ [-Wunused-parameter]
   41 | inline bool Siever::verify_integrity(bool test_bijection)
      |                                      ~~~~~^~~~~~~~~~~~~~
g++ -shared -pthread -L/home/pyjast1123/workspace/builds/g6k/kernel -Wl,-rpath=/home/pyjast1123/workspace/builds/g6k/kernel sieving.o control.o bgj1_sieve.o gpu_sieve.o triple_sieve.o params.o cpuperf.o triple_sieve_mt.o ../cuda/GPUStreamGeneral.o -o libG6K.so -lpthread -L/usr/local/cuda/lib64 -Wl,-rpath=/usr/local/cuda/lib64 -lcudart -L/usr/local/cuda/lib64/stubs -Wl,-rpath=/usr/local/cuda/lib64/stubs -lcuda -lcublas -lcurand
make: Leaving directory '/home/pyjast1123/workspace/builds/g6k/kernel'
warning: g6k/siever.pyx:170:29: Too few arguments for format placeholders
Compiling g6k/siever.pyx because it changed.
Compiling g6k/siever_params.pyx because it changed.
[1/2] Cythonizing g6k/siever.pyx
[2/2] Cythonizing g6k/siever_params.pyx
In file included from g6k/siever.cpp:1221:
g6k/../kernel/siever.h: In constructor ‘UidHashTable::UidHashTable()’:
g6k/../kernel/siever.h:254:18: warning: ‘UidHashTable::n’ will be initialized after [-Wreorder]
  254 |     unsigned int n; // dimension of points in the domain of the hash function.
      |                  ^
g6k/../kernel/siever.h:221:24: warning:   ‘std::vector<long unsigned int> UidHashTable::uid_coeffs’ [-Wreorder]
  221 |   std::vector<UidType> uid_coeffs;        // description of the hash function.
      |                        ^~~~~~~~~~
g6k/../kernel/siever.h:193:12: warning:   when initialized here [-Wreorder]
  193 |   explicit UidHashTable() : db_uid(), n(0), uid_coeffs(), reserve_size(0)
      |            ^~~~~~~~~~~~
g6k/../kernel/siever.h: In constructor ‘Siever::Siever(const SieverParams&, long unsigned int)’:
g6k/../kernel/siever.h:708:18: warning: ‘Siever::n’ will be initialized after [-Wreorder]
  708 |     unsigned int n;                           // current context dimension, n = r - l
      |                  ^
g6k/../kernel/siever.h:705:18: warning:   ‘unsigned int Siever::ll’ [-Wreorder]
  705 |     unsigned int ll;
      |                  ^~
g6k/../kernel/siever.h:522:14: warning:   when initialized here [-Wreorder]
  522 |     explicit Siever(const SieverParams &params, unsigned long int seed = 0) :
      |              ^~~~~~
In file included from g6k/siever_params.cpp:1213:
g6k/../kernel/siever.h: In constructor ‘UidHashTable::UidHashTable()’:
g6k/../kernel/siever.h:254:18: warning: ‘UidHashTable::n’ will be initialized after [-Wreorder]
  254 |     unsigned int n; // dimension of points in the domain of the hash function.
      |                  ^
g6k/../kernel/siever.h:221:24: warning:   ‘std::vector<long unsigned int> UidHashTable::uid_coeffs’ [-Wreorder]
  221 |   std::vector<UidType> uid_coeffs;        // description of the hash function.
      |                        ^~~~~~~~~~
g6k/../kernel/siever.h:193:12: warning:   when initialized here [-Wreorder]
  193 |   explicit UidHashTable() : db_uid(), n(0), uid_coeffs(), reserve_size(0)
      |            ^~~~~~~~~~~~
g6k/../kernel/siever.h: In constructor ‘Siever::Siever(const SieverParams&, long unsigned int)’:
g6k/../kernel/siever.h:708:18: warning: ‘Siever::n’ will be initialized after [-Wreorder]
  708 |     unsigned int n;                           // current context dimension, n = r - l
      |                  ^
g6k/../kernel/siever.h:705:18: warning:   ‘unsigned int Siever::ll’ [-Wreorder]
  705 |     unsigned int ll;
      |                  ^~
g6k/../kernel/siever.h:522:14: warning:   when initialized here [-Wreorder]
  522 |     explicit Siever(const SieverParams &params, unsigned long int seed = 0) :
      |              ^~~~~~
